2017-06-21 02:13:45 - {"chatId":517775069,"inputMsg":"/start"}
2017-06-21 02:13:45 - {"chatId":517775069,"replyMsg":"\n\t\t\t\t\t\t\tHello! Good day buddy :-)\n \n \t\t\t\t\t\t\tType in KLSE symbol name to get the latest stock price information.\n \n \t\t\t\t\t\t\tExample: digi\n \n \t\t\t\t\t\t\tGot feedback? Let's chat, https://t.me/h4ck4life\n \t\t\t\t\t"}
2017-06-21 02:14:52 - {"chatId":517775070,"inputMsg":"/start"}
2017-06-21 02:14:52 - {"chatId":517775070,"replyMsg":"\n\t\t\t\t\tHello! Good day buddy :-)\n \n \t\t\t\t\tType in KLSE symbol name to get the latest stock price information.\n \n \t\t\t\t\tExample: digi\n \t\t\t\t\t"}
2017-06-21 02:15:35 - {"chatId":517775071,"inputMsg":"Digi"}
2017-06-21 02:15:37 - {"chatId":517775071,"replyMsg":"📌 KLSE: DIGI\n\n🔸 Last trade ➞ MYR 4.99\n\n🔸 Prev close ➞ MYR 5\n\n🔸 Change ➞ MYR -0.01 ↓\n\n🔸 Percentage ➞ -0.20% ↓"}
2017-06-21 02:16:24 - {"chatId":517775072,"inputMsg":"/start"}
2017-06-21 02:16:24 - {"chatId":517775072,"replyMsg":"\n\t\t\t\t\tHello! Good day buddy :-)\n Type in KLSE symbol name to get the latest stock price information.\n Example: digi\n \t\t\t\t\t"}
2017-06-21 02:17:14 - {"chatId":517775073,"inputMsg":"/start"}
2017-06-21 02:17:14 - {"chatId":517775073,"replyMsg":"\n\t\t\t\t\tHello! Good day buddy :-)\n \nType in KLSE symbol name to get the latest stock price information.\n \n Example: digi\n \t\t\t\t\t"}
2017-06-21 02:17:23 - {"chatId":517775074,"inputMsg":"Digi fgv"}
2017-06-21 02:17:25 - {"chatId":517775074,"replyMsg":"Invalid KLSE stock symbol."}
2017-06-21 02:17:34 - {"chatId":517775075,"inputMsg":"Maxis"}
2017-06-21 02:17:35 - {"chatId":517775075,"replyMsg":"📌 KLSE: MAXIS\n\n🔸 Last trade ➞ MYR 5.62\n\n🔸 Prev close ➞ MYR 5.88\n\n🔸 Change ➞ MYR -0.26 ↓\n\n🔸 Percentage ➞ -4.42% ↓"}
2017-06-21 02:19:37 - {"chatId":517775076,"inputMsg":"/start"}
2017-06-21 02:19:37 - {"chatId":517775076,"replyMsg":"\n\t\t\t\t\tHello! Good day buddy :-)\n \nType in KLSE symbol name to get the latest stock price information.\n \n Example: digi\n \t\t\t\t\t"}
2017-06-21 02:19:43 - {"chatId":517775077,"inputMsg":"Digi"}
2017-06-21 02:19:45 - {"chatId":517775077,"replyMsg":"📌 KLSE: DIGI\n\n🔸 Last trade ➞ MYR 4.99\n\n🔸 Prev close ➞ MYR 5\n\n🔸 Change ➞ MYR -0.01 ↓\n\n🔸 Percentage ➞ -0.20% ↓"}
2017-06-21 02:19:51 - {"chatId":517775078,"inputMsg":"Digi"}
2017-06-21 02:19:51 - {"chatId":517775078,"replyMsg":"📌 KLSE: DIGI\n\n🔸 Last trade ➞ MYR 4.99\n\n🔸 Prev close ➞ MYR 5\n\n🔸 Change ➞ MYR -0.01 ↓\n\n🔸 Percentage ➞ -0.20% ↓"}
2017-06-21 02:19:52 - {"chatId":517775078,"inputMsg":"maxis"}
2017-06-21 02:19:52 - {"chatId":517775078,"replyMsg":"📌 KLSE: DIGI\n\n🔸 Last trade ➞ MYR 4.99\n\n🔸 Prev close ➞ MYR 5\n\n🔸 Change ➞ MYR -0.01 ↓\n\n🔸 Percentage ➞ -0.20% ↓"}
2017-06-21 02:20:49 - {"chatId":517775079,"inputMsg":"/start"}
2017-06-21 02:20:49 - {"chatId":517775079,"replyMsg":"\n\t\t\t\t\tHello! Good day buddy :-)\n \nType in KLSE symbol name to get the latest stock price information.\n \n Example: digi\n \t\t\t\t\t"}
2017-06-21 02:20:56 - {"chatId":517775080,"inputMsg":"Digi"}
2017-06-21 02:20:58 - {"chatId":517775080,"replyMsg":"📌 KLSE: DIGI\n\n🔸 Last trade ➞ MYR 4.99\n\n🔸 Prev close ➞ MYR 5\n\n🔸 Change ➞ MYR -0.01 ↓\n\n🔸 Percentage ➞ -0.20% ↓"}
2017-06-21 02:20:58 - {"chatId":517775080,"inputMsg":"astro"}
2017-06-21 02:20:58 - {"chatId":517775080,"replyMsg":"📌 KLSE: ASTRO\n\n🔸 Last trade ➞ MYR 2.69\n\n🔸 Prev close ➞ MYR 2.72\n\n🔸 Change ➞ MYR -0.03 ↓\n\n🔸 Percentage ➞ -1.10% ↓"}
2017-06-21 02:20:59 - {"chatId":517775080,"inputMsg":"maxis"}
2017-06-21 02:20:59 - {"chatId":517775080,"replyMsg":"📌 KLSE: MAXIS\n\n🔸 Last trade ➞ MYR 5.62\n\n🔸 Prev close ➞ MYR 5.88\n\n🔸 Change ➞ MYR -0.26 ↓\n\n🔸 Percentage ➞ -4.42% ↓"}
2017-06-21 02:21:16 - {"chatId":517775081,"inputMsg":"Digi"}
2017-06-21 02:21:16 - {"chatId":517775081,"replyMsg":"📌 KLSE: DIGI\n\n🔸 Last trade ➞ MYR 4.99\n\n🔸 Prev close ➞ MYR 5\n\n🔸 Change ➞ MYR -0.01 ↓\n\n🔸 Percentage ➞ -0.20% ↓"}
2017-06-21 02:21:22 - {"chatId":517775082,"inputMsg":"Astro"}
2017-06-21 02:21:23 - {"chatId":517775082,"replyMsg":"📌 KLSE: ASTRO\n\n🔸 Last trade ➞ MYR 2.69\n\n🔸 Prev close ➞ MYR 2.72\n\n🔸 Change ➞ MYR -0.03 ↓\n\n🔸 Percentage ➞ -1.10% ↓"}
2017-06-21 02:21:23 - {"chatId":517775082,"inputMsg":"gend"}
2017-06-21 02:21:23 - {"chatId":517775082,"replyMsg":"Invalid KLSE stock symbol."}
2017-06-21 02:22:37 - {"chatId":517775083,"inputMsg":"/start"}
2017-06-21 02:22:37 - {"chatId":517775083,"replyMsg":"\n\t\t\t\t\tHello! Good day buddy :-)\n \nType in KLSE symbol name to get the latest stock price information.\n \n Example: digi\n \t\t\t\t\t"}
2017-06-21 02:22:42 - {"chatId":517775084,"inputMsg":"Digi"}
2017-06-21 02:22:43 - {"chatId":517775084,"replyMsg":"📌 KLSE: DIGI\n\n🔸 Last trade ➞ MYR 4.99\n\n🔸 Prev close ➞ MYR 5\n\n🔸 Change ➞ MYR -0.01 ↓\n\n🔸 Percentage ➞ -0.20% ↓"}
2017-06-21 02:22:45 - {"chatId":517775085,"inputMsg":"Dkdk"}
2017-06-21 02:22:45 - {"chatId":517775085,"replyMsg":"'DKDK' is invalid KLSE stock symbol."}
2017-06-21 02:22:53 - {"chatId":517775086,"inputMsg":"Maxis"}
2017-06-21 02:22:54 - {"chatId":517775086,"replyMsg":"📌 KLSE: MAXIS\n\n🔸 Last trade ➞ MYR 5.62\n\n🔸 Prev close ➞ MYR 5.88\n\n🔸 Change ➞ MYR -0.26 ↓\n\n🔸 Percentage ➞ -4.42% ↓"}
2017-06-21 02:22:54 - {"chatId":517775086,"inputMsg":"digi"}
2017-06-21 02:22:55 - {"chatId":517775086,"replyMsg":"📌 KLSE: DIGI\n\n🔸 Last trade ➞ MYR 4.99\n\n🔸 Prev close ➞ MYR 5\n\n🔸 Change ➞ MYR -0.01 ↓\n\n🔸 Percentage ➞ -0.20% ↓"}
2017-06-21 02:22:55 - {"chatId":517775086,"inputMsg":"astro"}
2017-06-21 02:22:55 - {"chatId":517775086,"replyMsg":"📌 KLSE: ASTRO\n\n🔸 Last trade ➞ MYR 2.69\n\n🔸 Prev close ➞ MYR 2.72\n\n🔸 Change ➞ MYR -0.03 ↓\n\n🔸 Percentage ➞ -1.10% ↓"}
2017-06-21 02:24:50 - {"chatId":517775088,"inputMsg":"maxis"}
2017-06-21 02:24:53 - {"chatId":517775088,"replyMsg":"AnswerInlineQuery{inlineQueryId='16755861577240621', results=[InlineQueryResultArticle{type='article', id='16755861577240621', title='KLSE: MAXIS', inputMessageContent='InputTextMessageContent{, messageText='📌 KLSE: MAXIS\n\n🔸 Last trade ➞ MYR 5.62\n\n🔸 Prev close ➞ MYR 5.88\n\n🔸 Change ➞ MYR -0.26 ↓\n\n🔸 Percentage ➞ -4.42% ↓', parseMode='null', disableWebPagePreview=null}', replyMarkup='null', url='null', hideUrl=null, description='Last price: MYR 5.62 ➞ Tap here to view more.', thumbUrl='http://rhbtradesmart.com/uploads/home/bursa-logo.png', thumbWidth=null, thumbHeight=null}], cacheTime=null, isPersonal=null, switchPmText=null, switchPmParameter=null, nextOffset='null'}"}
2017-06-21 02:24:54 - {"chatId":517775090,"inputMsg":"macis"}
2017-06-21 02:24:55 - {"chatId":517775090,"replyMsg":"AnswerInlineQuery{inlineQueryId='16755861612207713', results=[InlineQueryResultArticle{type='article', id='16755861612207713', title='No result', inputMessageContent='InputTextMessageContent{, messageText='No result for MACIS', parseMode='null', disableWebPagePreview=null}', replyMarkup='null', url='null', hideUrl=null, description='Invalid KLSE stock symbol. Please retry.', thumbUrl='http://rhbtradesmart.com/uploads/home/bursa-logo.png', thumbWidth=null, thumbHeight=null}], cacheTime=null, isPersonal=null, switchPmText=null, switchPmParameter=null, nextOffset='null'}"}
2017-06-21 02:24:56 - {"chatId":517775091,"inputMsg":"📌"}
2017-06-21 02:24:57 - {"chatId":517775091,"replyMsg":"'📌' is invalid KLSE stock symbol."}
2017-06-21 02:24:57 - {"chatId":517775091,"inputMsg":"KLSE:"}
2017-06-21 02:24:57 - {"chatId":517775091,"replyMsg":"'KLSE:' is invalid KLSE stock symbol."}
2017-06-21 02:24:58 - {"chatId":517775091,"inputMsg":"MAXIS\n\n🔸"}
2017-06-21 02:24:58 - {"chatId":517775091,"replyMsg":"'MAXIS\n\n🔸' is invalid KLSE stock symbol."}
2017-06-21 02:24:59 - {"chatId":517775091,"inputMsg":"Last"}
2017-06-21 02:24:59 - {"chatId":517775091,"replyMsg":"'LAST' is invalid KLSE stock symbol."}
2017-06-21 02:24:59 - {"chatId":517775091,"inputMsg":"trade"}
2017-06-21 02:25:00 - {"chatId":517775091,"replyMsg":"'TRADE' is invalid KLSE stock symbol."}
2017-06-21 02:25:00 - {"chatId":517775091,"inputMsg":"➞"}
2017-06-21 02:25:00 - {"chatId":517775091,"replyMsg":"'➞' is invalid KLSE stock symbol."}
2017-06-21 02:25:01 - {"chatId":517775091,"inputMsg":"MYR"}
2017-06-21 02:25:01 - {"chatId":517775091,"replyMsg":"'MYR' is invalid KLSE stock symbol."}
2017-06-21 02:25:02 - {"chatId":517775091,"inputMsg":"5.62\n\n🔸"}
2017-06-21 02:25:02 - {"chatId":517775091,"replyMsg":"'5.62\n\n🔸' is invalid KLSE stock symbol."}
2017-06-21 02:25:03 - {"chatId":517775091,"inputMsg":"Prev"}
2017-06-21 02:25:03 - {"chatId":517775091,"replyMsg":"'PREV' is invalid KLSE stock symbol."}
2017-06-21 02:25:03 - {"chatId":517775091,"inputMsg":"close"}
2017-06-21 02:25:04 - {"chatId":517775091,"replyMsg":"'CLOSE' is invalid KLSE stock symbol."}
2017-06-21 02:25:04 - {"chatId":517775091,"inputMsg":"➞"}
2017-06-21 02:25:04 - {"chatId":517775091,"replyMsg":"'➞' is invalid KLSE stock symbol."}
2017-06-21 02:25:05 - {"chatId":517775091,"inputMsg":"MYR"}
2017-06-21 02:25:05 - {"chatId":517775091,"replyMsg":"'MYR' is invalid KLSE stock symbol."}
2017-06-21 02:25:06 - {"chatId":517775091,"inputMsg":"5.88\n\n🔸"}
2017-06-21 02:25:06 - {"chatId":517775091,"replyMsg":"'5.88\n\n🔸' is invalid KLSE stock symbol."}
2017-06-21 02:25:06 - {"chatId":517775091,"inputMsg":"Change"}
2017-06-21 02:25:07 - {"chatId":517775091,"replyMsg":"'CHANGE' is invalid KLSE stock symbol."}
2017-06-21 02:25:07 - {"chatId":517775091,"inputMsg":"➞"}
2017-06-21 02:25:07 - {"chatId":517775091,"replyMsg":"'➞' is invalid KLSE stock symbol."}
2017-06-21 02:25:08 - {"chatId":517775091,"inputMsg":"MYR"}
2017-06-21 02:25:08 - {"chatId":517775091,"replyMsg":"'MYR' is invalid KLSE stock symbol."}
2017-06-21 02:25:09 - {"chatId":517775091,"inputMsg":"-0.26"}
2017-06-21 02:25:09 - {"chatId":517775091,"replyMsg":"'-0.26' is invalid KLSE stock symbol."}
2017-06-21 02:25:09 - {"chatId":517775091,"inputMsg":"↓\n\n🔸"}
2017-06-21 02:25:10 - {"chatId":517775091,"replyMsg":"'↓\n\n🔸' is invalid KLSE stock symbol."}
2017-06-21 02:25:10 - {"chatId":517775091,"inputMsg":"Percentage"}
2017-06-21 02:25:11 - {"chatId":517775091,"replyMsg":"'PERCENTAGE' is invalid KLSE stock symbol."}
2017-06-21 02:25:11 - {"chatId":517775091,"inputMsg":"➞"}
2017-06-21 02:25:11 - {"chatId":517775091,"replyMsg":"'➞' is invalid KLSE stock symbol."}
2017-06-21 02:25:12 - {"chatId":517775091,"inputMsg":"-4.42%"}
2017-06-21 02:25:12 - {"chatId":517775091,"replyMsg":"'-4.42%' is invalid KLSE stock symbol."}
2017-06-21 02:25:13 - {"chatId":517775091,"inputMsg":"↓"}
2017-06-21 02:25:13 - {"chatId":517775091,"replyMsg":"'↓' is invalid KLSE stock symbol."}
2017-06-21 02:35:20 - {"chatId":517775093,"inputMsg":"/start"}
2017-06-21 02:35:20 - {"chatId":517775093,"replyMsg":"\n\t\t\t\t\tHello! Good day buddy :-)\n \nType in KLSE symbol name to get the latest stock price information.\n \n Example: digi\n \t\t\t\t\t"}
2017-06-21 02:35:39 - {"chatId":517775094,"inputMsg":"/start"}
2017-06-21 02:35:39 - {"chatId":517775094,"replyMsg":"\n\t\t\t\t\tHello! Good day buddy :-)\n \nType in KLSE symbol name to get the latest stock price information.\n \n Example: digi\n \t\t\t\t\t"}
2017-06-21 02:35:44 - {"chatId":517775095,"inputMsg":"Digi"}
2017-06-21 02:35:45 - {"chatId":517775095,"replyMsg":"📌 KLSE: DIGI\n\n🔸 Last trade ➞ MYR 4.99\n\n🔸 Prev close ➞ MYR 5\n\n🔸 Change ➞ MYR -0.01 ↓\n\n🔸 Percentage ➞ -0.20% ↓"}
2017-06-21 02:35:46 - {"chatId":517775095,"inputMsg":"maxis"}
2017-06-21 02:35:46 - {"chatId":517775095,"replyMsg":"📌 KLSE: MAXIS\n\n🔸 Last trade ➞ MYR 5.62\n\n🔸 Prev close ➞ MYR 5.88\n\n🔸 Change ➞ MYR -0.26 ↓\n\n🔸 Percentage ➞ -4.42% ↓"}
2017-06-21 02:35:50 - {"chatId":517775096,"inputMsg":"Astro"}
2017-06-21 02:35:50 - {"chatId":517775096,"replyMsg":"📌 KLSE: ASTRO\n\n🔸 Last trade ➞ MYR 2.69\n\n🔸 Prev close ➞ MYR 2.72\n\n🔸 Change ➞ MYR -0.03 ↓\n\n🔸 Percentage ➞ -1.10% ↓"}
2017-06-21 02:35:58 - {"chatId":517775098,"inputMsg":"digi"}
2017-06-21 02:35:59 - {"chatId":517775098,"replyMsg":"AnswerInlineQuery{inlineQueryId='16755861910519596', results=[InlineQueryResultArticle{type='article', id='16755861910519596', title='KLSE: DIGI', inputMessageContent='InputTextMessageContent{, messageText='📌 KLSE: DIGI\n\n🔸 Last trade ➞ MYR 4.99\n\n🔸 Prev close ➞ MYR 5\n\n🔸 Change ➞ MYR -0.01 ↓\n\n🔸 Percentage ➞ -0.20% ↓', parseMode='null', disableWebPagePreview=null}', replyMarkup='null', url='null', hideUrl=null, description='Last price: MYR 4.99 ➞ Tap here to view more.', thumbUrl='http://rhbtradesmart.com/uploads/home/bursa-logo.png', thumbWidth=null, thumbHeight=null}], cacheTime=null, isPersonal=null, switchPmText=null, switchPmParameter=null, nextOffset='null'}"}
2017-06-21 02:35:59 - {"chatId":517775099,"inputMsg":"digi max"}
2017-06-21 02:36:00 - {"chatId":517775099,"replyMsg":"AnswerInlineQuery{inlineQueryId='16755862996633364', results=[InlineQueryResultArticle{type='article', id='16755862996633364', title='KLSE: DIGI MAX', inputMessageContent='InputTextMessageContent{, messageText='📌 KLSE: DIGI\n\n🔸 Last trade ➞ MYR 4.99\n\n🔸 Prev close ➞ MYR 5\n\n🔸 Change ➞ MYR -0.01 ↓\n\n🔸 Percentage ➞ -0.20% ↓', parseMode='null', disableWebPagePreview=null}', replyMarkup='null', url='null', hideUrl=null, description='Last price: MYR 4.99 ➞ Tap here to view more.', thumbUrl='http://rhbtradesmart.com/uploads/home/bursa-logo.png', thumbWidth=null, thumbHeight=null}], cacheTime=null, isPersonal=null, switchPmText=null, switchPmParameter=null, nextOffset='null'}"}
2017-06-21 02:36:00 - {"chatId":517775100,"inputMsg":"digi maxs"}
2017-06-21 02:36:01 - {"chatId":517775100,"replyMsg":"AnswerInlineQuery{inlineQueryId='16755862342508843', results=[InlineQueryResultArticle{type='article', id='16755862342508843', title='KLSE: DIGI MAXS', inputMessageContent='InputTextMessageContent{, messageText='📌 KLSE: DIGI\n\n🔸 Last trade ➞ MYR 4.99\n\n🔸 Prev close ➞ MYR 5\n\n🔸 Change ➞ MYR -0.01 ↓\n\n🔸 Percentage ➞ -0.20% ↓', parseMode='null', disableWebPagePreview=null}', replyMarkup='null', url='null', hideUrl=null, description='Last price: MYR 4.99 ➞ Tap here to view more.', thumbUrl='http://rhbtradesmart.com/uploads/home/bursa-logo.png', thumbWidth=null, thumbHeight=null}], cacheTime=null, isPersonal=null, switchPmText=null, switchPmParameter=null, nextOffset='null'}"}
2017-06-21 02:36:13 - {"chatId":517775101,"inputMsg":"dig"}
2017-06-21 02:36:13 - {"chatId":517775101,"replyMsg":"AnswerInlineQuery{inlineQueryId='16755861783617506', results=[InlineQueryResultArticle{type='article', id='16755861783617506', title='No result', inputMessageContent='InputTextMessageContent{, messageText='No result for DIG', parseMode='null', disableWebPagePreview=null}', replyMarkup='null', url='null', hideUrl=null, description='Invalid KLSE stock symbol. Please retry.', thumbUrl='http://rhbtradesmart.com/uploads/home/bursa-logo.png', thumbWidth=null, thumbHeight=null}], cacheTime=null, isPersonal=null, switchPmText=null, switchPmParameter=null, nextOffset='null'}"}
2017-06-21 02:36:18 - {"chatId":517775102,"inputMsg":"digi d"}
2017-06-21 02:36:19 - {"chatId":517775102,"replyMsg":"AnswerInlineQuery{inlineQueryId='16755862777094598', results=[InlineQueryResultArticle{type='article', id='16755862777094598', title='No result', inputMessageContent='InputTextMessageContent{, messageText='No result for DIGI D', parseMode='null', disableWebPagePreview=null}', replyMarkup='null', url='null', hideUrl=null, description='Invalid KLSE stock symbol. Please retry.', thumbUrl='http://rhbtradesmart.com/uploads/home/bursa-logo.png', thumbWidth=null, thumbHeight=null}], cacheTime=null, isPersonal=null, switchPmText=null, switchPmParameter=null, nextOffset='null'}"}
2017-06-21 02:36:21 - {"chatId":517775103,"inputMsg":"digi a"}
2017-06-21 02:36:22 - {"chatId":517775103,"replyMsg":"AnswerInlineQuery{inlineQueryId='16755862064694936', results=[InlineQueryResultArticle{type='article', id='16755862064694936', title='No result', inputMessageContent='InputTextMessageContent{, messageText='No result for DIGI A', parseMode='null', disableWebPagePreview=null}', replyMarkup='null', url='null', hideUrl=null, description='Invalid KLSE stock symbol. Please retry.', thumbUrl='http://rhbtradesmart.com/uploads/home/bursa-logo.png', thumbWidth=null, thumbHeight=null}], cacheTime=null, isPersonal=null, switchPmText=null, switchPmParameter=null, nextOffset='null'}"}
2017-06-21 02:36:23 - {"chatId":517775104,"inputMsg":"digi maxis"}
2017-06-21 02:36:24 - {"chatId":517775104,"replyMsg":"AnswerInlineQuery{inlineQueryId='16755862776435522', results=[InlineQueryResultArticle{type='article', id='16755862776435522', title='KLSE: DIGI MAXIS', inputMessageContent='InputTextMessageContent{, messageText='📌 KLSE: DIGI\n\n🔸 Last trade ➞ MYR 4.99\n\n🔸 Prev close ➞ MYR 5\n\n🔸 Change ➞ MYR -0.01 ↓\n\n🔸 Percentage ➞ -0.20% ↓', parseMode='null', disableWebPagePreview=null}', replyMarkup='null', url='null', hideUrl=null, description='Last price: MYR 4.99 ➞ Tap here to view more.', thumbUrl='http://rhbtradesmart.com/uploads/home/bursa-logo.png', thumbWidth=null, thumbHeight=null}], cacheTime=null, isPersonal=null, switchPmText=null, switchPmParameter=null, nextOffset='null'}"}
2017-06-21 02:36:27 - {"chatId":517775105,"inputMsg":"📌"}
2017-06-21 02:36:28 - {"chatId":517775105,"replyMsg":"'📌' is invalid KLSE stock symbol."}
2017-06-21 02:36:28 - {"chatId":517775105,"inputMsg":"KLSE:"}
2017-06-21 02:36:29 - {"chatId":517775105,"replyMsg":"'KLSE:' is invalid KLSE stock symbol."}
2017-06-21 02:36:29 - {"chatId":517775105,"inputMsg":"DIGI\n\n🔸"}
2017-06-21 02:36:29 - {"chatId":517775105,"replyMsg":"'DIGI\n\n🔸' is invalid KLSE stock symbol."}
2017-06-21 02:36:30 - {"chatId":517775105,"inputMsg":"Last"}
2017-06-21 02:36:30 - {"chatId":517775105,"replyMsg":"'LAST' is invalid KLSE stock symbol."}
2017-06-21 02:36:31 - {"chatId":517775105,"inputMsg":"trade"}
2017-06-21 02:36:32 - {"chatId":517775105,"replyMsg":"'TRADE' is invalid KLSE stock symbol."}
2017-06-21 02:36:32 - {"chatId":517775105,"inputMsg":"➞"}
2017-06-21 02:36:32 - {"chatId":517775105,"replyMsg":"'➞' is invalid KLSE stock symbol."}
2017-06-21 02:36:33 - {"chatId":517775105,"inputMsg":"MYR"}
2017-06-21 02:36:33 - {"chatId":517775105,"replyMsg":"'MYR' is invalid KLSE stock symbol."}
2017-06-21 02:36:34 - {"chatId":517775105,"inputMsg":"4.99\n\n🔸"}
2017-06-21 02:36:34 - {"chatId":517775105,"replyMsg":"'4.99\n\n🔸' is invalid KLSE stock symbol."}
2017-06-21 02:36:34 - {"chatId":517775105,"inputMsg":"Prev"}
2017-06-21 02:36:35 - {"chatId":517775105,"replyMsg":"'PREV' is invalid KLSE stock symbol."}
2017-06-21 02:36:35 - {"chatId":517775105,"inputMsg":"close"}
2017-06-21 02:36:36 - {"chatId":517775105,"replyMsg":"'CLOSE' is invalid KLSE stock symbol."}
2017-06-21 02:36:36 - {"chatId":517775105,"inputMsg":"➞"}
2017-06-21 02:36:36 - {"chatId":517775105,"replyMsg":"'➞' is invalid KLSE stock symbol."}
2017-06-21 02:36:37 - {"chatId":517775105,"inputMsg":"MYR"}
2017-06-21 02:36:37 - {"chatId":517775105,"replyMsg":"'MYR' is invalid KLSE stock symbol."}
2017-06-21 02:36:38 - {"chatId":517775105,"inputMsg":"5\n\n🔸"}
2017-06-21 02:36:38 - {"chatId":517775105,"replyMsg":"'5\n\n🔸' is invalid KLSE stock symbol."}
2017-06-21 02:36:38 - {"chatId":517775105,"inputMsg":"Change"}
2017-06-21 02:36:39 - {"chatId":517775105,"replyMsg":"'CHANGE' is invalid KLSE stock symbol."}
2017-06-21 02:36:39 - {"chatId":517775105,"inputMsg":"➞"}
2017-06-21 02:36:40 - {"chatId":517775105,"replyMsg":"'➞' is invalid KLSE stock symbol."}
2017-06-21 02:36:40 - {"chatId":517775105,"inputMsg":"MYR"}
2017-06-21 02:36:40 - {"chatId":517775105,"replyMsg":"'MYR' is invalid KLSE stock symbol."}
2017-06-21 02:36:41 - {"chatId":517775105,"inputMsg":"-0.01"}
2017-06-21 02:36:41 - {"chatId":517775105,"replyMsg":"'-0.01' is invalid KLSE stock symbol."}
2017-06-21 02:36:42 - {"chatId":517775105,"inputMsg":"↓\n\n🔸"}
2017-06-21 02:36:42 - {"chatId":517775105,"replyMsg":"'↓\n\n🔸' is invalid KLSE stock symbol."}
2017-06-21 02:36:42 - {"chatId":517775105,"inputMsg":"Percentage"}
2017-06-21 02:36:43 - {"chatId":517775105,"replyMsg":"'PERCENTAGE' is invalid KLSE stock symbol."}
2017-06-21 02:36:43 - {"chatId":517775105,"inputMsg":"➞"}
2017-06-21 02:36:44 - {"chatId":517775105,"replyMsg":"'➞' is invalid KLSE stock symbol."}
2017-06-21 02:36:44 - {"chatId":517775105,"inputMsg":"-0.20%"}
2017-06-21 02:36:44 - {"chatId":517775105,"replyMsg":"'-0.20%' is invalid KLSE stock symbol."}
2017-06-21 02:36:45 - {"chatId":517775105,"inputMsg":"↓"}
2017-06-21 02:36:45 - {"chatId":517775105,"replyMsg":"'↓' is invalid KLSE stock symbol."}
2017-06-21 02:39:17 - {"chatId":517775108,"inputMsg":"/start"}
2017-06-21 02:39:17 - {"chatId":517775108,"replyMsg":"\n\t\t\t\t\tHello! Good day buddy :-)\n \nType in KLSE symbol name to get the latest stock price information.\n \n Example: digi\n \t\t\t\t\t"}
2017-06-21 02:39:21 - {"chatId":517775109,"inputMsg":"Digi"}
2017-06-21 02:39:22 - {"chatId":517775109,"replyMsg":"📌 KLSE: DIGI\n\n🔸 Last trade ➞ MYR 4.99\n\n🔸 Prev close ➞ MYR 5\n\n🔸 Change ➞ MYR -0.01 ↓\n\n🔸 Percentage ➞ -0.20% ↓"}
2017-06-21 02:39:28 - {"chatId":517775111,"inputMsg":"dd"}
2017-06-21 02:39:29 - {"chatId":517775111,"replyMsg":"AnswerInlineQuery{inlineQueryId='16755863292853978', results=[InlineQueryResultArticle{type='article', id='16755863292853978', title='No result', inputMessageContent='InputTextMessageContent{, messageText='No result for DD', parseMode='null', disableWebPagePreview=null}', replyMarkup='null', url='null', hideUrl=null, description='Invalid KLSE stock symbol. Please retry.', thumbUrl='http://rhbtradesmart.com/uploads/home/bursa-logo.png', thumbWidth=null, thumbHeight=null}], cacheTime=null, isPersonal=null, switchPmText=null, switchPmParameter=null, nextOffset='null'}"}
2017-06-21 02:39:32 - {"chatId":517775112,"inputMsg":"No"}
2017-06-21 02:39:32 - {"chatId":517775112,"replyMsg":"'NO' is invalid KLSE stock symbol."}
2017-06-21 02:39:33 - {"chatId":517775112,"inputMsg":"result"}
2017-06-21 02:39:33 - {"chatId":517775112,"replyMsg":"'RESULT' is invalid KLSE stock symbol."}
2017-06-21 02:39:33 - {"chatId":517775112,"inputMsg":"for"}
2017-06-21 02:39:34 - {"chatId":517775112,"replyMsg":"'FOR' is invalid KLSE stock symbol."}
2017-06-21 02:39:34 - {"chatId":517775112,"inputMsg":"DD"}
2017-06-21 02:39:35 - {"chatId":517775112,"replyMsg":"'DD' is invalid KLSE stock symbol."}
2017-06-21 02:43:25 - {"chatId":517775116,"inputMsg":"/start"}
2017-06-21 02:43:25 - {"chatId":517775116,"replyMsg":"\n\t\t\t\t\tHello! Good day buddy :-)\n \nType in KLSE symbol name to get the latest stock price information.\n \n Example: digi\n \t\t\t\t\t"}
2017-06-21 02:43:52 - {"chatId":517775117,"inputMsg":"Digi"}
2017-06-21 02:43:54 - {"chatId":517775117,"replyMsg":"📌 KLSE: DIGI\n\n🔸 Last trade ➞ MYR 4.99\n\n🔸 Prev close ➞ MYR 5\n\n🔸 Change ➞ MYR -0.01 ↓\n\n🔸 Percentage ➞ -0.20% ↓"}
2017-06-21 02:43:59 - {"chatId":517775119,"inputMsg":"ddd"}
2017-06-21 02:44:00 - {"chatId":517775119,"replyMsg":"AnswerInlineQuery{inlineQueryId='16755862919215862', results=[InlineQueryResultArticle{type='article', id='16755862919215862', title='No result', inputMessageContent='InputTextMessageContent{, messageText='No result for DDD', parseMode='null', disableWebPagePreview=null}', replyMarkup='null', url='null', hideUrl=null, description='Invalid KLSE stock symbol. Please retry.', thumbUrl='http://rhbtradesmart.com/uploads/home/bursa-logo.png', thumbWidth=null, thumbHeight=null}], cacheTime=null, isPersonal=null, switchPmText=null, switchPmParameter=null, nextOffset='null'}"}
2017-06-21 02:46:05 - {"chatId":517775120,"inputMsg":"No"}
2017-06-21 02:46:05 - {"chatId":517775120,"replyMsg":"'NO' is invalid KLSE stock symbol."}
2017-06-21 02:46:07 - {"chatId":517775120,"inputMsg":"result"}
2017-06-21 02:46:07 - {"chatId":517775120,"replyMsg":"'RESULT' is invalid KLSE stock symbol."}
2017-06-21 02:46:07 - {"chatId":517775120,"inputMsg":"for"}
2017-06-21 02:46:08 - {"chatId":517775120,"replyMsg":"'FOR' is invalid KLSE stock symbol."}
2017-06-21 02:46:08 - {"chatId":517775120,"inputMsg":"DDD"}
2017-06-21 02:46:08 - {"chatId":517775120,"replyMsg":"'DDD' is invalid KLSE stock symbol."}
2017-06-21 02:54:32 - {"chatId":517775122,"inputMsg":"/start"}
2017-06-21 02:54:32 - {"chatId":517775122,"replyMsg":"\n\t\t\t\t\tHello! Good day buddy :-)\n \nType in KLSE symbol name to get the latest stock price information.\n \n Example: digi\n \t\t\t\t\t"}
2017-06-21 02:54:33 - {"chatId":517775123,"inputMsg":"/start"}
2017-06-21 02:54:33 - {"chatId":517775123,"replyMsg":"\n\t\t\t\t\tHello! Good day buddy :-)\n \nType in KLSE symbol name to get the latest stock price information.\n \n Example: digi\n \t\t\t\t\t"}
2017-06-21 02:54:34 - {"chatId":517775121,"inputMsg":"/start"}
2017-06-21 02:54:34 - {"chatId":517775121,"replyMsg":"\n\t\t\t\t\tHello! Good day buddy :-)\n \nType in KLSE symbol name to get the latest stock price information.\n \n Example: digi\n \t\t\t\t\t"}
2017-06-21 02:54:39 - {"chatId":517775124,"inputMsg":"Maxis"}
2017-06-21 02:54:41 - {"chatId":517775124,"replyMsg":"📌 KLSE: MAXIS\n\n🔸 Last trade ➞ MYR 5.62\n\n🔸 Prev close ➞ MYR 5.88\n\n🔸 Change ➞ MYR -0.26 ↓\n\n🔸 Percentage ➞ -4.42% ↓"}
2017-06-21 02:54:42 - {"chatId":517775124,"inputMsg":"digi"}
2017-06-21 02:54:42 - {"chatId":517775124,"replyMsg":"📌 KLSE: DIGI\n\n🔸 Last trade ➞ MYR 4.99\n\n🔸 Prev close ➞ MYR 5\n\n🔸 Change ➞ MYR -0.01 ↓\n\n🔸 Percentage ➞ -0.20% ↓"}
2017-06-21 02:54:42 - {"chatId":517775124,"inputMsg":"astro"}
2017-06-21 02:54:43 - {"chatId":517775124,"replyMsg":"📌 KLSE: ASTRO\n\n🔸 Last trade ➞ MYR 2.69\n\n🔸 Prev close ➞ MYR 2.72\n\n🔸 Change ➞ MYR -0.03 ↓\n\n🔸 Percentage ➞ -1.10% ↓"}
2017-06-21 02:54:53 - {"chatId":517775125,"inputMsg":"/start"}
2017-06-21 02:54:53 - {"chatId":517775125,"replyMsg":"\n\t\t\t\t\tHello! Good day buddy :-)\n \nType in KLSE symbol name to get the latest stock price information.\n \n Example: digi\n \t\t\t\t\t"}
2017-06-21 02:54:54 - {"chatId":517775126,"inputMsg":"Maxis"}
2017-06-21 02:54:54 - {"chatId":517775126,"replyMsg":"📌 KLSE: MAXIS\n\n🔸 Last trade ➞ MYR 5.62\n\n🔸 Prev close ➞ MYR 5.88\n\n🔸 Change ➞ MYR -0.26 ↓\n\n🔸 Percentage ➞ -4.42% ↓"}
2017-06-21 02:54:54 - {"chatId":517775126,"inputMsg":"astro"}
2017-06-21 02:54:55 - {"chatId":517775126,"replyMsg":"📌 KLSE: ASTRO\n\n🔸 Last trade ➞ MYR 2.69\n\n🔸 Prev close ➞ MYR 2.72\n\n🔸 Change ➞ MYR -0.03 ↓\n\n🔸 Percentage ➞ -1.10% ↓"}
2017-06-21 02:54:55 - {"chatId":517775126,"inputMsg":"digi"}
2017-06-21 02:54:55 - {"chatId":517775126,"replyMsg":"📌 KLSE: DIGI\n\n🔸 Last trade ➞ MYR 4.99\n\n🔸 Prev close ➞ MYR 5\n\n🔸 Change ➞ MYR -0.01 ↓\n\n🔸 Percentage ➞ -0.20% ↓"}
2017-06-21 02:55:05 - {"chatId":517775127,"inputMsg":"Maxis"}
2017-06-21 02:55:06 - {"chatId":517775127,"replyMsg":"📌 KLSE: MAXIS\n\n🔸 Last trade ➞ MYR 5.62\n\n🔸 Prev close ➞ MYR 5.88\n\n🔸 Change ➞ MYR -0.26 ↓\n\n🔸 Percentage ➞ -4.42% ↓"}
2017-06-21 02:55:32 - {"chatId":517775128,"inputMsg":"fgv"}
2017-06-21 02:55:32 - {"chatId":517775128,"replyMsg":"📌 KLSE: FGV\n\n🔸 Last trade ➞ MYR 1.77\n\n🔸 Prev close ➞ MYR 1.84\n\n🔸 Change ➞ MYR -0.07 ↓\n\n🔸 Percentage ➞ -3.80% ↓"}
2017-06-21 02:55:51 - {"chatId":517775129,"inputMsg":"nestle"}
2017-06-21 02:55:51 - {"chatId":517775129,"replyMsg":"📌 KLSE: NESTLE\n\n🔸 Last trade ➞ MYR 83.10\n\n🔸 Prev close ➞ MYR 83\n\n🔸 Change ➞ MYR +0.10 ↑\n\n🔸 Percentage ➞ 0.12% ↑"}
2017-06-21 02:56:01 - {"chatId":517775130,"inputMsg":"Nestle"}
2017-06-21 02:56:02 - {"chatId":517775130,"replyMsg":"📌 KLSE: NESTLE\n\n🔸 Last trade ➞ MYR 83.10\n\n🔸 Prev close ➞ MYR 83\n\n🔸 Change ➞ MYR +0.10 ↑\n\n🔸 Percentage ➞ 0.12% ↑"}
2017-06-21 02:57:53 - {"chatId":517775131,"inputMsg":"/start"}
2017-06-21 02:57:53 - {"chatId":517775131,"replyMsg":"\n\t\t\t\t\tHello! Good day buddy :-)\n \nType in KLSE symbol name to get the latest stock price information.\n \n Example: digi\n \t\t\t\t\t"}
2017-06-21 02:58:02 - {"chatId":517775132,"inputMsg":"Digi"}
2017-06-21 02:58:03 - {"chatId":517775132,"replyMsg":"📌 KLSE: DIGI\n\n🔸 Last trade ➞ MYR 4.99\n\n🔸 Prev close ➞ MYR 5\n\n🔸 Change ➞ MYR -0.01 ↓\n\n🔸 Percentage ➞ -0.20% ↓"}
2017-06-21 02:58:15 - {"chatId":517775133,"inputMsg":"Celcom"}
2017-06-21 02:58:15 - {"chatId":517775133,"replyMsg":"'CELCOM' is invalid KLSE stock symbol."}
2017-06-21 02:58:23 - {"chatId":517775134,"inputMsg":"Aax"}
2017-06-21 02:58:24 - {"chatId":517775134,"replyMsg":"📌 KLSE: AAX\n\n🔸 Last trade ➞ MYR 0.410\n\n🔸 Prev close ➞ MYR 0.415\n\n🔸 Change ➞ MYR -0.005 ↓\n\n🔸 Percentage ➞ -1.20% ↓"}
2017-06-21 02:58:47 - {"chatId":517775135,"inputMsg":"Vivo"}
2017-06-21 02:58:47 - {"chatId":517775135,"replyMsg":"'VIVO' is invalid KLSE stock symbol."}
2017-06-21 02:59:03 - {"chatId":517775136,"inputMsg":"Msteel"}
2017-06-21 02:59:03 - {"chatId":517775136,"replyMsg":"'MSTEEL' is invalid KLSE stock symbol."}
2017-06-21 03:01:50 - {"chatId":517775137,"inputMsg":"/start"}
2017-06-21 03:01:50 - {"chatId":517775137,"replyMsg":"\n\t\t\t\t\tHello! Good day buddy :-)\n \nType in KLSE symbol name to get the latest stock price information,\nExample: digi\n \nGet multiple results (max 3),\nExample: digi maxis astro \n \t\t\t\t\t"}
2017-06-21 03:02:14 - {"chatId":517775138,"inputMsg":"/start"}
2017-06-21 03:02:14 - {"chatId":517775138,"replyMsg":"\n\t\t\t\t\tHello! Good day buddy :-)\n \nType in KLSE symbol name to get the latest stock price information,\n \nExample: digi\n \nGet multiple results (max 3),\n \nExample: digi maxis astro \n \t\t\t\t\t"}
2017-06-21 03:02:52 - {"chatId":517775139,"inputMsg":"Digi"}
2017-06-21 03:02:54 - {"chatId":517775139,"replyMsg":"📌 KLSE: DIGI\n\n🔸 Last trade ➞ MYR 4.99\n\n🔸 Prev close ➞ MYR 5\n\n🔸 Change ➞ MYR -0.01 ↓\n\n🔸 Percentage ➞ -0.20% ↓"}
2017-06-21 03:02:55 - {"chatId":517775139,"inputMsg":"maxis"}
2017-06-21 03:02:55 - {"chatId":517775139,"replyMsg":"📌 KLSE: MAXIS\n\n🔸 Last trade ➞ MYR 5.62\n\n🔸 Prev close ➞ MYR 5.88\n\n🔸 Change ➞ MYR -0.26 ↓\n\n🔸 Percentage ➞ -4.42% ↓"}
2017-06-21 03:02:56 - {"chatId":517775139,"inputMsg":"astro"}
2017-06-21 03:02:56 - {"chatId":517775139,"replyMsg":"📌 KLSE: ASTRO\n\n🔸 Last trade ➞ MYR 2.69\n\n🔸 Prev close ➞ MYR 2.72\n\n🔸 Change ➞ MYR -0.03 ↓\n\n🔸 Percentage ➞ -1.10% ↓"}
